# JRE version: Java(TM) SE Runtime Environment (8.0_201-b09) (build 1.8.0_201-b09)
# Java VM: Java HotSpot(TM) 64-Bit Server VM (25.201-b09 mixed mode bsd-amd64 compressed oops)
Heap:
 PSYoungGen      total 141824K, used 60103K [0x00000007aab00000, 0x00000007bc000000, 0x00000007c0000000)
  eden space 131072K, 45% used [0x00000007aab00000,0x00000007ae5b1f78,0x00000007b2b00000)
  from space 10752K, 0% used [0x00000007b2b00000,0x00000007b2b00000,0x00000007b3580000)
  to   space 10752K, 0% used [0x00000007bb580000,0x00000007bb580000,0x00000007bc000000)
 ParOldGen       total 112128K, used 9327K [0x0000000780000000, 0x0000000786d80000, 0x00000007aab00000)
  object space 112128K, 8% used [0x0000000780000000,0x000000078091bfc8,0x0000000786d80000)
 Metaspace       used 26089K, capacity 26362K, committed 26624K, reserved 1073152K
  class space    used 3638K, capacity 3778K, committed 3840K, reserved 1048576K
GC Heap History (8 events):
Event: 0,843 GC heap before
{Heap before GC invocations=1 (full 0):
 PSYoungGen      total 76288K, used 65536K [0x00000007aab00000, 0x00000007b0000000, 0x00000007c0000000)
  eden space 65536K, 100% used [0x00000007aab00000,0x00000007aeb00000,0x00000007aeb00000)
  from space 10752K, 0% used [0x00000007af580000,0x00000007af580000,0x00000007b0000000)
  to   space 10752K, 0% used [0x00000007aeb00000,0x00000007aeb00000,0x00000007af580000)
 ParOldGen       total 175104K, used 0K [0x0000000780000000, 0x000000078ab00000, 0x00000007aab00000)
  object space 175104K, 0% used [0x0000000780000000,0x0000000780000000,0x000000078ab00000)
 Metaspace       used 10075K, capacity 10318K, committed 10496K, reserved 1058816K
  class space    used 1378K, capacity 1456K, committed 1536K, reserved 1048576K
Event: 0,852 GC heap after
Heap after GC invocations=1 (full 0):
 PSYoungGen      total 76288K, used 7556K [0x00000007aab00000, 0x00000007b4000000, 0x00000007c0000000)
  eden space 65536K, 0% used [0x00000007aab00000,0x00000007aab00000,0x00000007aeb00000)
  from space 10752K, 70% used [0x00000007aeb00000,0x00000007af261210,0x00000007af580000)
  to   space 10752K, 0% used [0x00000007b3580000,0x00000007b3580000,0x00000007b4000000)
 ParOldGen       total 175104K, used 16K [0x0000000780000000, 0x000000078ab00000, 0x00000007aab00000)
  object space 175104K, 0% used [0x0000000780000000,0x0000000780004000,0x000000078ab00000)
 Metaspace       used 10075K, capacity 10318K, committed 10496K, reserved 1058816K
  class space    used 1378K, capacity 1456K, committed 1536K, reserved 1048576K
}
Event: 1,412 GC heap before
{Heap before GC invocations=2 (full 0):
 PSYoungGen      total 76288K, used 73092K [0x00000007aab00000, 0x00000007b4000000, 0x00000007c0000000)
  eden space 65536K, 100% used [0x00000007aab00000,0x00000007aeb00000,0x00000007aeb00000)
  from space 10752K, 70% used [0x00000007aeb00000,0x00000007af261210,0x00000007af580000)
  to   space 10752K, 0% used [0x00000007b3580000,0x00000007b3580000,0x00000007b4000000)
 ParOldGen       total 175104K, used 16K [0x0000000780000000, 0x000000078ab00000, 0x00000007aab00000)
  object space 175104K, 0% used [0x0000000780000000,0x0000000780004000,0x000000078ab00000)
 Metaspace       used 15875K, capacity 16158K, committed 16384K, reserved 1062912K
  class space    used 2364K, capacity 2514K, committed 2560K, reserved 1048576K
Event: 1,422 GC heap after
Heap after GC invocations=2 (full 0):
 PSYoungGen      total 141824K, used 10483K [0x00000007aab00000, 0x00000007b4000000, 0x00000007c0000000)
  eden space 131072K, 0% used [0x00000007aab00000,0x00000007aab00000,0x00000007b2b00000)
  from space 10752K, 97% used [0x00000007b3580000,0x00000007b3fbcc90,0x00000007b4000000)
  to   space 10752K, 0% used [0x00000007b2b00000,0x00000007b2b00000,0x00000007b3580000)
 ParOldGen       total 175104K, used 24K [0x0000000780000000, 0x000000078ab00000, 0x00000007aab00000)
  object space 175104K, 0% used [0x0000000780000000,0x0000000780006000,0x000000078ab00000)
 Metaspace       used 15875K, capacity 16158K, committed 16384K, reserved 1062912K
  class space    used 2364K, capacity 2514K, committed 2560K, reserved 1048576K
}
Event: 2,237 GC heap before
{Heap before GC invocations=3 (full 0):
 PSYoungGen      total 141824K, used 42008K [0x00000007aab00000, 0x00000007b4000000, 0x00000007c0000000)
  eden space 131072K, 24% used [0x00000007aab00000,0x00000007ac9c93c8,0x00000007b2b00000)
  from space 10752K, 97% used [0x00000007b3580000,0x00000007b3fbcc90,0x00000007b4000000)
  to   space 10752K, 0% used [0x00000007b2b00000,0x00000007b2b00000,0x00000007b3580000)
 ParOldGen       total 175104K, used 24K [0x0000000780000000, 0x000000078ab00000, 0x00000007aab00000)
  object space 175104K, 0% used [0x0000000780000000,0x0000000780006000,0x000000078ab00000)
 Metaspace       used 20769K, capacity 21060K, committed 21296K, reserved 1067008K
  class space    used 2982K, capacity 3123K, committed 3200K, reserved 1048576K
Event: 2,245 GC heap after
Heap after GC invocations=3 (full 0):
 PSYoungGen      total 141824K, used 9570K [0x00000007aab00000, 0x00000007bc000000, 0x00000007c0000000)
  eden space 131072K, 0% used [0x00000007aab00000,0x00000007aab00000,0x00000007b2b00000)
  from space 10752K, 89% used [0x00000007b2b00000,0x00000007b3458ae0,0x00000007b3580000)
  to   space 10752K, 0% used [0x00000007bb580000,0x00000007bb580000,0x00000007bc000000)
 ParOldGen       total 175104K, used 32K [0x0000000780000000, 0x000000078ab00000, 0x00000007aab00000)
  object space 175104K, 0% used [0x0000000780000000,0x0000000780008000,0x000000078ab00000)
 Metaspace       used 20769K, capacity 21060K, committed 21296K, reserved 1067008K
  class space    used 2982K, capacity 3123K, committed 3200K, reserved 1048576K
}
Event: 2,245 GC heap before
{Heap before GC invocations=4 (full 1):
 PSYoungGen      total 141824K, used 9570K [0x00000007aab00000, 0x00000007bc000000, 0x00000007c0000000)
  eden space 131072K, 0% used [0x00000007aab00000,0x00000007aab00000,0x00000007b2b00000)
  from space 10752K, 89% used [0x00000007b2b00000,0x00000007b3458ae0,0x00000007b3580000)
  to   space 10752K, 0% used [0x00000007bb580000,0x00000007bb580000,0x00000007bc000000)
 ParOldGen       total 175104K, used 32K [0x0000000780000000, 0x000000078ab00000, 0x00000007aab00000)
  object space 175104K, 0% used [0x0000000780000000,0x0000000780008000,0x000000078ab00000)
 Metaspace       used 20769K, capacity 21060K, committed 21296K, reserved 1067008K
  class space    used 2982K, capacity 3123K, committed 3200K, reserved 1048576K
Event: 2,280 GC heap after
Heap after GC invocations=4 (full 1):
 PSYoungGen      total 141824K, used 0K [0x00000007aab00000, 0x00000007bc000000, 0x00000007c0000000)
  eden space 131072K, 0% used [0x00000007aab00000,0x00000007aab00000,0x00000007b2b00000)
  from space 10752K, 0% used [0x00000007b2b00000,0x00000007b2b00000,0x00000007b3580000)
  to   space 10752K, 0% used [0x00000007bb580000,0x00000007bb580000,0x00000007bc000000)
 ParOldGen       total 112128K, used 9327K [0x0000000780000000, 0x0000000786d80000, 0x00000007aab00000)
  object space 112128K, 8% used [0x0000000780000000,0x000000078091bfc8,0x0000000786d80000)
 Metaspace       used 20769K, capacity 21060K, committed 21296K, reserved 1067008K
  class space    used 2982K, capacity 3123K, committed 3200K, reserved 1048576K
}

