# JRE version: Java(TM) SE Runtime Environment (8.0_201-b09) (build 1.8.0_201-b09)
# Java VM: Java HotSpot(TM) 64-Bit Server VM (25.201-b09 mixed mode bsd-amd64 compressed oops)
Heap:
 PSYoungGen      total 137728K, used 27544K [0x00000007aab00000, 0x00000007b4b80000, 0x00000007c0000000)
  eden space 126976K, 13% used [0x00000007aab00000,0x00000007abb78bc8,0x00000007b2700000)
  from space 10752K, 99% used [0x00000007b2700000,0x00000007b316d7c0,0x00000007b3180000)
  to   space 12288K, 0% used [0x00000007b3f80000,0x00000007b3f80000,0x00000007b4b80000)
 ParOldGen       total 110080K, used 9314K [0x0000000780000000, 0x0000000786b80000, 0x00000007aab00000)
  object space 110080K, 8% used [0x0000000780000000,0x0000000780918be0,0x0000000786b80000)
 Metaspace       used 33440K, capacity 33916K, committed 34176K, reserved 1079296K
  class space    used 4772K, capacity 4952K, committed 4992K, reserved 1048576K
GC Heap History (10 events):
Event: 1,329 GC heap before
{Heap before GC invocations=2 (full 0):
 PSYoungGen      total 76288K, used 73063K [0x00000007aab00000, 0x00000007b0000000, 0x00000007c0000000)
  eden space 65536K, 100% used [0x00000007aab00000,0x00000007aeb00000,0x00000007aeb00000)
  from space 10752K, 70% used [0x00000007aeb00000,0x00000007af259c48,0x00000007af580000)
  to   space 10752K, 0% used [0x00000007af580000,0x00000007af580000,0x00000007b0000000)
 ParOldGen       total 175104K, used 16K [0x0000000780000000, 0x000000078ab00000, 0x00000007aab00000)
  object space 175104K, 0% used [0x0000000780000000,0x0000000780004000,0x000000078ab00000)
 Metaspace       used 15901K, capacity 16158K, committed 16384K, reserved 1062912K
  class space    used 2365K, capacity 2514K, committed 2560K, reserved 1048576K
Event: 1,340 GC heap after
Heap after GC invocations=2 (full 0):
 PSYoungGen      total 76288K, used 10551K [0x00000007aab00000, 0x00000007b4000000, 0x00000007c0000000)
  eden space 65536K, 0% used [0x00000007aab00000,0x00000007aab00000,0x00000007aeb00000)
  from space 10752K, 98% used [0x00000007af580000,0x00000007affcdcb8,0x00000007b0000000)
  to   space 10752K, 0% used [0x00000007aeb00000,0x00000007aeb00000,0x00000007af580000)
 ParOldGen       total 175104K, used 24K [0x0000000780000000, 0x000000078ab00000, 0x00000007aab00000)
  object space 175104K, 0% used [0x0000000780000000,0x0000000780006000,0x000000078ab00000)
 Metaspace       used 15901K, capacity 16158K, committed 16384K, reserved 1062912K
  class space    used 2365K, capacity 2514K, committed 2560K, reserved 1048576K
}
Event: 1,647 GC heap before
{Heap before GC invocations=3 (full 0):
 PSYoungGen      total 76288K, used 39861K [0x00000007aab00000, 0x00000007b4000000, 0x00000007c0000000)
  eden space 65536K, 44% used [0x00000007aab00000,0x00000007ac79f760,0x00000007aeb00000)
  from space 10752K, 98% used [0x00000007af580000,0x00000007affcdcb8,0x00000007b0000000)
  to   space 10752K, 0% used [0x00000007aeb00000,0x00000007aeb00000,0x00000007af580000)
 ParOldGen       total 175104K, used 24K [0x0000000780000000, 0x000000078ab00000, 0x00000007aab00000)
  object space 175104K, 0% used [0x0000000780000000,0x0000000780006000,0x000000078ab00000)
 Metaspace       used 20759K, capacity 21060K, committed 21296K, reserved 1067008K
  class space    used 2978K, capacity 3123K, committed 3200K, reserved 1048576K
Event: 1,654 GC heap after
Heap after GC invocations=3 (full 0):
 PSYoungGen      total 76288K, used 9504K [0x00000007aab00000, 0x00000007b4000000, 0x00000007c0000000)
  eden space 65536K, 0% used [0x00000007aab00000,0x00000007aab00000,0x00000007aeb00000)
  from space 10752K, 88% used [0x00000007aeb00000,0x00000007af4480a0,0x00000007af580000)
  to   space 10752K, 0% used [0x00000007b3580000,0x00000007b3580000,0x00000007b4000000)
 ParOldGen       total 175104K, used 32K [0x0000000780000000, 0x000000078ab00000, 0x00000007aab00000)
  object space 175104K, 0% used [0x0000000780000000,0x0000000780008000,0x000000078ab00000)
 Metaspace       used 20759K, capacity 21060K, committed 21296K, reserved 1067008K
  class space    used 2978K, capacity 3123K, committed 3200K, reserved 1048576K
}
Event: 1,654 GC heap before
{Heap before GC invocations=4 (full 1):
 PSYoungGen      total 76288K, used 9504K [0x00000007aab00000, 0x00000007b4000000, 0x00000007c0000000)
  eden space 65536K, 0% used [0x00000007aab00000,0x00000007aab00000,0x00000007aeb00000)
  from space 10752K, 88% used [0x00000007aeb00000,0x00000007af4480a0,0x00000007af580000)
  to   space 10752K, 0% used [0x00000007b3580000,0x00000007b3580000,0x00000007b4000000)
 ParOldGen       total 175104K, used 32K [0x0000000780000000, 0x000000078ab00000, 0x00000007aab00000)
  object space 175104K, 0% used [0x0000000780000000,0x0000000780008000,0x000000078ab00000)
 Metaspace       used 20759K, capacity 21060K, committed 21296K, reserved 1067008K
  class space    used 2978K, capacity 3123K, committed 3200K, reserved 1048576K
Event: 1,684 GC heap after
Heap after GC invocations=4 (full 1):
 PSYoungGen      total 76288K, used 0K [0x00000007aab00000, 0x00000007b4000000, 0x00000007c0000000)
  eden space 65536K, 0% used [0x00000007aab00000,0x00000007aab00000,0x00000007aeb00000)
  from space 10752K, 0% used [0x00000007aeb00000,0x00000007aeb00000,0x00000007af580000)
  to   space 10752K, 0% used [0x00000007b3580000,0x00000007b3580000,0x00000007b4000000)
 ParOldGen       total 110080K, used 9298K [0x0000000780000000, 0x0000000786b80000, 0x00000007aab00000)
  object space 110080K, 8% used [0x0000000780000000,0x0000000780914be0,0x0000000786b80000)
 Metaspace       used 20759K, capacity 21060K, committed 21296K, reserved 1067008K
  class space    used 2978K, capacity 3123K, committed 3200K, reserved 1048576K
}
Event: 2,201 GC heap before
{Heap before GC invocations=5 (full 1):
 PSYoungGen      total 76288K, used 65536K [0x00000007aab00000, 0x00000007b4000000, 0x00000007c0000000)
  eden space 65536K, 100% used [0x00000007aab00000,0x00000007aeb00000,0x00000007aeb00000)
  from space 10752K, 0% used [0x00000007aeb00000,0x00000007aeb00000,0x00000007af580000)
  to   space 10752K, 0% used [0x00000007b3580000,0x00000007b3580000,0x00000007b4000000)
 ParOldGen       total 110080K, used 9298K [0x0000000780000000, 0x0000000786b80000, 0x00000007aab00000)
  object space 110080K, 8% used [0x0000000780000000,0x0000000780914be0,0x0000000786b80000)
 Metaspace       used 26310K, capacity 26618K, committed 27008K, reserved 1073152K
  class space    used 3689K, capacity 3842K, committed 3968K, reserved 1048576K
Event: 2,207 GC heap after
Heap after GC invocations=5 (full 1):
 PSYoungGen      total 102400K, used 6631K [0x00000007aab00000, 0x00000007b3c00000, 0x00000007c0000000)
  eden space 95744K, 0% used [0x00000007aab00000,0x00000007aab00000,0x00000007b0880000)
  from space 6656K, 99% used [0x00000007b3580000,0x00000007b3bf9ef8,0x00000007b3c00000)
  to   space 10752K, 0% used [0x00000007b2700000,0x00000007b2700000,0x00000007b3180000)
 ParOldGen       total 110080K, used 9306K [0x0000000780000000, 0x0000000786b80000, 0x00000007aab00000)
  object space 110080K, 8% used [0x0000000780000000,0x0000000780916be0,0x0000000786b80000)
 Metaspace       used 26310K, capacity 26618K, committed 27008K, reserved 1073152K
  class space    used 3689K, capacity 3842K, committed 3968K, reserved 1048576K
}
Event: 2,793 GC heap before
{Heap before GC invocations=6 (full 1):
 PSYoungGen      total 102400K, used 102375K [0x00000007aab00000, 0x00000007b3c00000, 0x00000007c0000000)
  eden space 95744K, 100% used [0x00000007aab00000,0x00000007b0880000,0x00000007b0880000)
  from space 6656K, 99% used [0x00000007b3580000,0x00000007b3bf9ef8,0x00000007b3c00000)
  to   space 10752K, 0% used [0x00000007b2700000,0x00000007b2700000,0x00000007b3180000)
 ParOldGen       total 110080K, used 9306K [0x0000000780000000, 0x0000000786b80000, 0x00000007aab00000)
  object space 110080K, 8% used [0x0000000780000000,0x0000000780916be0,0x0000000786b80000)
 Metaspace       used 30750K, capacity 31182K, committed 31488K, reserved 1077248K
  class space    used 4404K, capacity 4573K, committed 4608K, reserved 1048576K
Event: 2,802 GC heap after
Heap after GC invocations=6 (full 1):
 PSYoungGen      total 137728K, used 10677K [0x00000007aab00000, 0x00000007b4b80000, 0x00000007c0000000)
  eden space 126976K, 0% used [0x00000007aab00000,0x00000007aab00000,0x00000007b2700000)
  from space 10752K, 99% used [0x00000007b2700000,0x00000007b316d7c0,0x00000007b3180000)
  to   space 12288K, 0% used [0x00000007b3f80000,0x00000007b3f80000,0x00000007b4b80000)
 ParOldGen       total 110080K, used 9314K [0x0000000780000000, 0x0000000786b80000, 0x00000007aab00000)
  object space 110080K, 8% used [0x0000000780000000,0x0000000780918be0,0x0000000786b80000)
 Metaspace       used 30750K, capacity 31182K, committed 31488K, reserved 1077248K
  class space    used 4404K, capacity 4573K, committed 4608K, reserved 1048576K
}

