# JRE version: OpenJDK Runtime Environment (8.0_152-b01) (build 1.8.0_152-release-1248-b01)
# Java VM: OpenJDK 64-Bit Server VM (25.152-b01 mixed mode bsd-amd64 compressed oops)
Heap:
 PSYoungGen      total 297984K, used 269496K [0x00000007aab00000, 0x00000007bfc00000, 0x00000007c0000000)
  eden space 256000K, 100% used [0x00000007aab00000,0x00000007ba500000,0x00000007ba500000)
  from space 41984K, 32% used [0x00000007bd300000,0x00000007be02e338,0x00000007bfc00000)
  to   space 44544K, 0% used [0x00000007ba500000,0x00000007ba500000,0x00000007bd080000)
 ParOldGen       total 554496K, used 287861K [0x0000000780000000, 0x00000007a1d80000, 0x00000007aab00000)
  object space 554496K, 51% used [0x0000000780000000,0x000000079191d5a0,0x00000007a1d80000)
 Metaspace       used 103241K, capacity 110658K, committed 110784K, reserved 1146880K
  class space    used 12925K, capacity 14286K, committed 14296K, reserved 1048576K
GC Heap History (10 events):
Event: 1054.759 GC heap before
{Heap before GC invocations=57 (full 5):
 PSYoungGen      total 299008K, used 264869K [0x00000007aab00000, 0x00000007c0000000, 0x00000007c0000000)
  eden space 252928K, 100% used [0x00000007aab00000,0x00000007ba200000,0x00000007ba200000)
  from space 46080K, 25% used [0x00000007ba200000,0x00000007bada96c0,0x00000007bcf00000)
  to   space 45056K, 0% used [0x00000007bd400000,0x00000007bd400000,0x00000007c0000000)
 ParOldGen       total 554496K, used 260110K [0x0000000780000000, 0x00000007a1d80000, 0x00000007aab00000)
  object space 554496K, 46% used [0x0000000780000000,0x000000078fe038e8,0x00000007a1d80000)
 Metaspace       used 101660K, capacity 107956K, committed 108096K, reserved 1142784K
  class space    used 12650K, capacity 13853K, committed 13912K, reserved 1048576K
Event: 1054.771 GC heap after
Heap after GC invocations=57 (full 5):
 PSYoungGen      total 301056K, used 9246K [0x00000007aab00000, 0x00000007bfe00000, 0x00000007c0000000)
  eden space 258048K, 0% used [0x00000007aab00000,0x00000007aab00000,0x00000007ba700000)
  from space 43008K, 21% used [0x00000007bd400000,0x00000007bdd07818,0x00000007bfe00000)
  to   space 44544K, 0% used [0x00000007ba700000,0x00000007ba700000,0x00000007bd280000)
 ParOldGen       total 554496K, used 263007K [0x0000000780000000, 0x00000007a1d80000, 0x00000007aab00000)
  object space 554496K, 47% used [0x0000000780000000,0x00000007900d7e08,0x00000007a1d80000)
 Metaspace       used 101660K, capacity 107956K, committed 108096K, reserved 1142784K
  class space    used 12650K, capacity 13853K, committed 13912K, reserved 1048576K
}
Event: 1122.964 GC heap before
{Heap before GC invocations=58 (full 5):
 PSYoungGen      total 301056K, used 267294K [0x00000007aab00000, 0x00000007bfe00000, 0x00000007c0000000)
  eden space 258048K, 100% used [0x00000007aab00000,0x00000007ba700000,0x00000007ba700000)
  from space 43008K, 21% used [0x00000007bd400000,0x00000007bdd07818,0x00000007bfe00000)
  to   space 44544K, 0% used [0x00000007ba700000,0x00000007ba700000,0x00000007bd280000)
 ParOldGen       total 554496K, used 263007K [0x0000000780000000, 0x00000007a1d80000, 0x00000007aab00000)
  object space 554496K, 47% used [0x0000000780000000,0x00000007900d7e08,0x00000007a1d80000)
 Metaspace       used 103189K, capacity 110594K, committed 110784K, reserved 1146880K
  class space    used 12925K, capacity 14286K, committed 14296K, reserved 1048576K
Event: 1122.981 GC heap after
Heap after GC invocations=58 (full 5):
 PSYoungGen      total 302592K, used 12228K [0x00000007aab00000, 0x00000007bff80000, 0x00000007c0000000)
  eden space 258048K, 0% used [0x00000007aab00000,0x00000007aab00000,0x00000007ba700000)
  from space 44544K, 27% used [0x00000007ba700000,0x00000007bb2f1160,0x00000007bd280000)
  to   space 43520K, 0% used [0x00000007bd500000,0x00000007bd500000,0x00000007bff80000)
 ParOldGen       total 554496K, used 264806K [0x0000000780000000, 0x00000007a1d80000, 0x00000007aab00000)
  object space 554496K, 47% used [0x0000000780000000,0x00000007902999f0,0x00000007a1d80000)
 Metaspace       used 103189K, capacity 110594K, committed 110784K, reserved 1146880K
  class space    used 12925K, capacity 14286K, committed 14296K, reserved 1048576K
}
Event: 1123.626 GC heap before
{Heap before GC invocations=59 (full 5):
 PSYoungGen      total 302592K, used 229612K [0x00000007aab00000, 0x00000007bff80000, 0x00000007c0000000)
  eden space 258048K, 84% used [0x00000007aab00000,0x00000007b7f49fa0,0x00000007ba700000)
  from space 44544K, 27% used [0x00000007ba700000,0x00000007bb2f1160,0x00000007bd280000)
  to   space 43520K, 0% used [0x00000007bd500000,0x00000007bd500000,0x00000007bff80000)
 ParOldGen       total 554496K, used 264806K [0x0000000780000000, 0x00000007a1d80000, 0x00000007aab00000)
  object space 554496K, 47% used [0x0000000780000000,0x00000007902999f0,0x00000007a1d80000)
 Metaspace       used 103210K, capacity 110594K, committed 110784K, reserved 1146880K
  class space    used 12925K, capacity 14286K, committed 14296K, reserved 1048576K
Event: 1123.652 GC heap after
Heap after GC invocations=59 (full 5):
 PSYoungGen      total 298496K, used 35306K [0x00000007aab00000, 0x00000007c0000000, 0x00000007c0000000)
  eden space 254976K, 0% used [0x00000007aab00000,0x00000007aab00000,0x00000007ba400000)
  from space 43520K, 81% used [0x00000007bd500000,0x00000007bf77abc8,0x00000007bff80000)
  to   space 47104K, 0% used [0x00000007ba400000,0x00000007ba400000,0x00000007bd200000)
 ParOldGen       total 554496K, used 264806K [0x0000000780000000, 0x00000007a1d80000, 0x00000007aab00000)
  object space 554496K, 47% used [0x0000000780000000,0x00000007902999f0,0x00000007a1d80000)
 Metaspace       used 103210K, capacity 110594K, committed 110784K, reserved 1146880K
  class space    used 12925K, capacity 14286K, committed 14296K, reserved 1048576K
}
Event: 1124.611 GC heap before
{Heap before GC invocations=60 (full 5):
 PSYoungGen      total 298496K, used 290282K [0x00000007aab00000, 0x00000007c0000000, 0x00000007c0000000)
  eden space 254976K, 100% used [0x00000007aab00000,0x00000007ba400000,0x00000007ba400000)
  from space 43520K, 81% used [0x00000007bd500000,0x00000007bf77abc8,0x00000007bff80000)
  to   space 47104K, 0% used [0x00000007ba400000,0x00000007ba400000,0x00000007bd200000)
 ParOldGen       total 554496K, used 264806K [0x0000000780000000, 0x00000007a1d80000, 0x00000007aab00000)
  object space 554496K, 47% used [0x0000000780000000,0x00000007902999f0,0x00000007a1d80000)
 Metaspace       used 103229K, capacity 110658K, committed 110784K, reserved 1146880K
  class space    used 12925K, capacity 14286K, committed 14296K, reserved 1048576K
Event: 1124.642 GC heap after
Heap after GC invocations=60 (full 5):
 PSYoungGen      total 302080K, used 11262K [0x00000007aab00000, 0x00000007c0000000, 0x00000007c0000000)
  eden space 254976K, 0% used [0x00000007aab00000,0x00000007aab00000,0x00000007ba400000)
  from space 47104K, 23% used [0x00000007ba400000,0x00000007baeff958,0x00000007bd200000)
  to   space 46080K, 0% used [0x00000007bd300000,0x00000007bd300000,0x00000007c0000000)
 ParOldGen       total 554496K, used 283112K [0x0000000780000000, 0x00000007a1d80000, 0x00000007aab00000)
  object space 554496K, 51% used [0x0000000780000000,0x000000079147a320,0x00000007a1d80000)
 Metaspace       used 103229K, capacity 110658K, committed 110784K, reserved 1146880K
  class space    used 12925K, capacity 14286K, committed 14296K, reserved 1048576K
}
Event: 1125.118 GC heap before
{Heap before GC invocations=61 (full 5):
 PSYoungGen      total 302080K, used 266238K [0x00000007aab00000, 0x00000007c0000000, 0x00000007c0000000)
  eden space 254976K, 100% used [0x00000007aab00000,0x00000007ba400000,0x00000007ba400000)
  from space 47104K, 23% used [0x00000007ba400000,0x00000007baeff958,0x00000007bd200000)
  to   space 46080K, 0% used [0x00000007bd300000,0x00000007bd300000,0x00000007c0000000)
 ParOldGen       total 554496K, used 283112K [0x0000000780000000, 0x00000007a1d80000, 0x00000007aab00000)
  object space 554496K, 51% used [0x0000000780000000,0x000000079147a320,0x00000007a1d80000)
 Metaspace       used 103237K, capacity 110658K, committed 110784K, reserved 1146880K
  class space    used 12925K, capacity 14286K, committed 14296K, reserved 1048576K
Event: 1125.131 GC heap after
Heap after GC invocations=61 (full 5):
 PSYoungGen      total 297984K, used 13496K [0x00000007aab00000, 0x00000007bfc00000, 0x00000007c0000000)
  eden space 256000K, 0% used [0x00000007aab00000,0x00000007aab00000,0x00000007ba500000)
  from space 41984K, 32% used [0x00000007bd300000,0x00000007be02e338,0x00000007bfc00000)
  to   space 44544K, 0% used [0x00000007ba500000,0x00000007ba500000,0x00000007bd080000)
 ParOldGen       total 554496K, used 287861K [0x0000000780000000, 0x00000007a1d80000, 0x00000007aab00000)
  object space 554496K, 51% used [0x0000000780000000,0x000000079191d5a0,0x00000007a1d80000)
 Metaspace       used 103237K, capacity 110658K, committed 110784K, reserved 1146880K
  class space    used 12925K, capacity 14286K, committed 14296K, reserved 1048576K
}

